<?xml version="1.0" encoding="UTF-8" ?>
<testsuite failures="0" time="19.121" errors="1" skipped="0" tests="1" name="com.test.TestClass">
  <properties>
[...]
</properties>
  <testcase time="19.121" classname="com.test.TestClass" name="test">
    <error type="java.lang.NullPointerException">java.lang.NullPointerException
	at com.test.TestClass.isEmail(TestClass.java:31)
	at com.test.TestClass.test(TestClass.java:21)
	at sun.reflect.NativeMethodAccessorImpl.invoke0(Native Method)
	at sun.reflect.NativeMethodAccessorImpl.invoke(NativeMethodAccessorImpl.java:57)
	at sun.reflect.DelegatingMethodAccessorImpl.invoke(DelegatingMethodAccessorImpl.java:43)
	at java.lang.reflect.Method.invoke(Method.java:606)
	at org.junit.runners.model.FrameworkMethod$1.runReflectiveCall(FrameworkMethod.java:50)
	at org.junit.internal.runners.model.ReflectiveCallable.run(ReflectiveCallable.java:12)
	at org.junit.runners.model.FrameworkMethod.invokeExplosively(FrameworkMethod.java:47)
	at org.junit.internal.runners.statements.InvokeMethod.evaluate(InvokeMethod.java:17)
	at org.junit.runners.ParentRunner.runLeaf(ParentRunner.java:325)
	at org.junit.runners.BlockJUnit4ClassRunner.runChild(BlockJUnit4ClassRunner.java:78)
	at org.junit.runners.BlockJUnit4ClassRunner.runChild(BlockJUnit4ClassRunner.java:57)
	at org.junit.runners.ParentRunner$3.run(ParentRunner.java:290)
	at org.junit.runners.ParentRunner$1.schedule(ParentRunner.java:71)
	at org.junit.runners.ParentRunner.runChildren(ParentRunner.java:288)
	at org.junit.runners.ParentRunner.access$000(ParentRunner.java:58)
	at org.junit.runners.ParentRunner$2.evaluate(ParentRunner.java:268)
	at org.junit.runners.ParentRunner.run(ParentRunner.java:363)
	at org.apache.maven.surefire.junit4.JUnit4Provider.execute(JUnit4Provider.java:252)
	at org.apache.maven.surefire.junit4.JUnit4Provider.executeTestSet(JUnit4Provider.java:141)
	at org.apache.maven.surefire.junit4.JUnit4Provider.invoke(JUnit4Provider.java:112)
	at sun.reflect.NativeMethodAccessorImpl.invoke0(Native Method)
	at sun.reflect.NativeMethodAccessorImpl.invoke(NativeMethodAccessorImpl.java:57)
	at sun.reflect.DelegatingMethodAccessorImpl.invoke(DelegatingMethodAccessorImpl.java:43)
	at java.lang.reflect.Method.invoke(Method.java:606)
	at org.apache.maven.surefire.util.ReflectionUtils.invokeMethodWithArray(ReflectionUtils.java:189)
	at org.apache.maven.surefire.booter.ProviderFactory$ProviderProxy.invoke(ProviderFactory.java:165)
	at org.apache.maven.surefire.booter.ProviderFactory.invokeProvider(ProviderFactory.java:85)
	at org.apache.maven.surefire.booter.ForkedBooter.runSuitesInProcess(ForkedBooter.java:115)
	at org.apache.maven.surefire.booter.ForkedBooter.main(ForkedBooter.java:75)
</error>
    <system-out>true
DEBUG: setDebug: JavaMail version 1.5.6
DEBUG: getProvider() returning javax.mail.Provider[TRANSPORT,smtp,com.sun.mail.smtp.SMTPTransport,Oracle]
DEBUG SMTP: useEhlo true, useAuth true
DEBUG SMTP: trying to connect to host &quot;smtp.163.com&quot;, port 25, isSSL false
220 163.com Anti-spam GT for Coremail System (163com[20141201])
DEBUG SMTP: connected to host &quot;smtp.163.com&quot;, port: 25

EHLO DESKTOP-EBJ8UJU
250-mail
250-PIPELINING
250-AUTH LOGIN PLAIN
250-AUTH=LOGIN PLAIN
250-coremail 1Uxr2xKj7kG0xkI17xGrU7I0s8FY2U3Uj8Cz28x1UUUUU7Ic2I0Y2UFMsXsEUCa0xDrUUUUj
250-STARTTLS
250 8BITMIME
DEBUG SMTP: Found extension &quot;PIPELINING&quot;, arg &quot;&quot;
DEBUG SMTP: Found extension &quot;AUTH&quot;, arg &quot;LOGIN PLAIN&quot;
DEBUG SMTP: Found extension &quot;AUTH=LOGIN&quot;, arg &quot;PLAIN&quot;
DEBUG SMTP: Found extension &quot;coremail&quot;, arg &quot;1Uxr2xKj7kG0xkI17xGrU7I0s8FY2U3Uj8Cz28x1UUUUU7Ic2I0Y2UFMsXsEUCa0xDrUUUUj&quot;
DEBUG SMTP: Found extension &quot;STARTTLS&quot;, arg &quot;&quot;
DEBUG SMTP: Found extension &quot;8BITMIME&quot;, arg &quot;&quot;
DEBUG SMTP: Attempt to authenticate using mechanisms: LOGIN PLAIN DIGEST-MD5 NTLM 
DEBUG SMTP: AUTH LOGIN command trace suppressed
DEBUG SMTP: AUTH LOGIN succeeded
DEBUG SMTP: use8bit false
MAIL FROM:&lt;kone_net@163.com&gt;
250 Mail OK
RCPT TO:&lt;1093312677@qq.com&gt;
250 Mail OK
DEBUG SMTP: Verified Addresses
DEBUG SMTP:   1093312677@qq.com
DATA
354 End data with &lt;CR&gt;&lt;LF&gt;.&lt;CR&gt;&lt;LF&gt;
From: kone_net@163.com
To: 1093312677@qq.com
Message-ID: &lt;1955217984.0.1500397377412@DESKTOP-EBJ8UJU&gt;
Subject: =?GBK?B?zqLBpsq10enK0tXQ0MK72Li0o6E=?=
MIME-Version: 1.0
Content-Type: text/plain; charset=GBK
Content-Transfer-Encoding: base64

ob7OosGmyrXR6crSob/E47rDo6HE48zhvbu1xNDFz6LS0crVwryho87Sw8e9q76hv+y9+NDQsum/
tKOsvfzG2s7Sw8e74c2o1qrE48PHtb02QTQyMb340NDD5srUo6zE48PH0rK/ydLUzOHHsLW91eLA
78C0v7S/tKGj09DKwsfpwarPtc6iwabKtdHpytK4utTwyMujus7itM+jujE4NCAyODMyIDY1NTSj
u9XUus3GvaO6MTg0IDI4MzIgNzQxNqO7zuK3sqO6MTU4IDI4NjMgMjU0Ni60y8/7z6LOqs+1zbPX
1Lavu9i4tKOh
.
250 Mail OK queued as smtp14,EsCowABX4jxTP25ZO5lbBA--.43372S2 1500397404
DEBUG SMTP: message successfully delivered to mail server
QUIT
221 Bye
</system-out>
  </testcase>
</testsuite>